Determining if the pthread_create exist failed with the following output:
Change Dir: /home/foscar/VEAC_2023/build/CMakeFiles/CMakeTmp

Run Build Command:"/usr/bin/make" "cmTC_53d4d/fast"
/usr/bin/make -f CMakeFiles/cmTC_53d4d.dir/build.make CMakeFiles/cmTC_53d4d.dir/build
make[1]: Entering directory '/home/foscar/VEAC_2023/build/CMakeFiles/CMakeTmp'
Building C object CMakeFiles/cmTC_53d4d.dir/CheckSymbolExists.c.o
/usr/bin/cc    -o CMakeFiles/cmTC_53d4d.dir/CheckSymbolExists.c.o   -c /home/foscar/VEAC_2023/build/CMakeFiles/CMakeTmp/CheckSymbolExists.c
Linking C executable cmTC_53d4d
/usr/bin/cmake -E cmake_link_script CMakeFiles/cmTC_53d4d.dir/link.txt --verbose=1
/usr/bin/cc      -rdynamic CMakeFiles/cmTC_53d4d.dir/CheckSymbolExists.c.o  -o cmTC_53d4d 
CMakeFiles/cmTC_53d4d.dir/CheckSymbolExists.c.o: In function `main':
CheckSymbolExists.c:(.text+0x1b): undefined reference to `pthread_create'
collect2: error: ld returned 1 exit status
CMakeFiles/cmTC_53d4d.dir/build.make:97: recipe for target 'cmTC_53d4d' failed
make[1]: *** [cmTC_53d4d] Error 1
make[1]: Leaving directory '/home/foscar/VEAC_2023/build/CMakeFiles/CMakeTmp'
Makefile:126: recipe for target 'cmTC_53d4d/fast' failed
make: *** [cmTC_53d4d/fast] Error 2

File /home/foscar/VEAC_2023/build/CMakeFiles/CMakeTmp/CheckSymbolExists.c:
/* */
#include <pthread.h>

int main(int argc, char** argv)
{
  (void)argv;
#ifndef pthread_create
  return ((int*)(&pthread_create))[argc];
#else
  (void)argc;
  return 0;
#endif
}

Determining if the function pthread_create exists in the pthreads failed with the following output:
Change Dir: /home/foscar/VEAC_2023/build/CMakeFiles/CMakeTmp

Run Build Command:"/usr/bin/make" "cmTC_35655/fast"
/usr/bin/make -f CMakeFiles/cmTC_35655.dir/build.make CMakeFiles/cmTC_35655.dir/build
make[1]: Entering directory '/home/foscar/VEAC_2023/build/CMakeFiles/CMakeTmp'
Building C object CMakeFiles/cmTC_35655.dir/CheckFunctionExists.c.o
/usr/bin/cc   -DCHECK_FUNCTION_EXISTS=pthread_create   -o CMakeFiles/cmTC_35655.dir/CheckFunctionExists.c.o   -c /usr/share/cmake-3.10/Modules/CheckFunctionExists.c
Linking C executable cmTC_35655
/usr/bin/cmake -E cmake_link_script CMakeFiles/cmTC_35655.dir/link.txt --verbose=1
/usr/bin/cc  -DCHECK_FUNCTION_EXISTS=pthread_create    -rdynamic CMakeFiles/cmTC_35655.dir/CheckFunctionExists.c.o  -o cmTC_35655 -lpthreads 
/usr/bin/ld: cannot find -lpthreads
collect2: error: ld returned 1 exit status
CMakeFiles/cmTC_35655.dir/build.make:97: recipe for target 'cmTC_35655' failed
make[1]: *** [cmTC_35655] Error 1
make[1]: Leaving directory '/home/foscar/VEAC_2023/build/CMakeFiles/CMakeTmp'
Makefile:126: recipe for target 'cmTC_35655/fast' failed
make: *** [cmTC_35655/fast] Error 2


